<?xml version="1.0" encoding="utf-8"?>
<test-run id="2" name="Reflection.Randomness.exe" fullname="C:/Users/Nik/Downloads/Reflection.Randomness.csproj/bin/Debug/Reflection.Randomness.exe" testcasecount="9" result="Passed" start-time="2020-06-22 06:23:33Z" end-time="2020-06-22 06:23:33Z" duration="0.082668" total="9" passed="9" failed="0" inconclusive="0" skipped="0" asserts="17" random-seed="1803252361">
  <command-line><![CDATA["C:\Users\Nik\Downloads\Reflection.Randomness.csproj\bin\Debug\Reflection.Randomness.exe"   ]]></command-line>
  <filter />
  <test-suite type="Assembly" id="1010" name="Reflection.Randomness.exe" fullname="C:/Users/Nik/Downloads/Reflection.Randomness.csproj/bin/Debug/Reflection.Randomness.exe" runstate="Runnable" testcasecount="9" result="Passed" start-time="2020-06-22 06:23:33Z" end-time="2020-06-22 06:23:33Z" duration="0.082668" total="9" passed="9" failed="0" warnings="0" inconclusive="0" skipped="0" asserts="17">
    <environment framework-version="3.6.0.0" clr-version="4.0.30319.42000" os-version="Microsoft Windows NT 6.2.9200.0" platform="Win32NT" cwd="C:\Users\Nik\Downloads\Reflection.Randomness.csproj\bin\Debug" machine-name="DESKTOP-D9LB59L" user="Nik" user-domain="DESKTOP-D9LB59L" culture="ru-RU" uiculture="ru-RU" os-architecture="x86" />
    <settings>
      <setting name="WorkDirectory" value="C:\Users\Nik\Downloads\Reflection.Randomness.csproj\bin\Debug" />
      <setting name="NumberOfTestWorkers" value="12" />
    </settings>
    <properties>
      <property name="_PID" value="17720" />
      <property name="_APPDOMAIN" value="Reflection.Randomness.exe" />
    </properties>
    <test-suite type="TestSuite" id="1011" name="Reflection" fullname="Reflection" runstate="Runnable" testcasecount="9" result="Passed" start-time="2020-06-22 06:23:33Z" end-time="2020-06-22 06:23:33Z" duration="0.073808" total="9" passed="9" failed="0" warnings="0" inconclusive="0" skipped="0" asserts="17">
      <test-suite type="TestSuite" id="1012" name="Randomness" fullname="Reflection.Randomness" runstate="Runnable" testcasecount="9" result="Passed" start-time="2020-06-22 06:23:33Z" end-time="2020-06-22 06:23:33Z" duration="0.070293" total="9" passed="9" failed="0" warnings="0" inconclusive="0" skipped="0" asserts="17">
        <test-suite type="TestFixture" id="1000" name="Generator_should" fullname="Reflection.Randomness.Generator_should" classname="Reflection.Randomness.Generator_should" runstate="Runnable" testcasecount="9" result="Passed" start-time="2020-06-22 06:23:33Z" end-time="2020-06-22 06:23:33Z" duration="0.066369" total="9" passed="9" failed="0" warnings="0" inconclusive="0" skipped="0" asserts="17">
          <test-case id="1008" name="FailWithInformativeMessage_OnIncorrectAttributeUsage" fullname="Reflection.Randomness.Generator_should.FailWithInformativeMessage_OnIncorrectAttributeUsage" methodname="FailWithInformativeMessage_OnIncorrectAttributeUsage" classname="Reflection.Randomness.Generator_should" runstate="Runnable" seed="1235998515" result="Passed" start-time="2020-06-22 06:23:33Z" end-time="2020-06-22 06:23:33Z" duration="0.010398" asserts="2" />
          <test-case id="1009" name="FailWithInformativeMessage_OnIncorrectForMethodCall" fullname="Reflection.Randomness.Generator_should.FailWithInformativeMessage_OnIncorrectForMethodCall" methodname="FailWithInformativeMessage_OnIncorrectForMethodCall" classname="Reflection.Randomness.Generator_should" runstate="Runnable" seed="363270560" result="Passed" start-time="2020-06-22 06:23:33Z" end-time="2020-06-22 06:23:33Z" duration="0.007159" asserts="3" />
          <test-case id="1001" name="GenerateT1" fullname="Reflection.Randomness.Generator_should.GenerateT1" methodname="GenerateT1" classname="Reflection.Randomness.Generator_should" runstate="Runnable" seed="1817192853" result="Passed" start-time="2020-06-22 06:23:33Z" end-time="2020-06-22 06:23:33Z" duration="0.006075" asserts="1" />
          <test-case id="1002" name="GenerateT1TwiceGivesUniqueObjects" fullname="Reflection.Randomness.Generator_should.GenerateT1TwiceGivesUniqueObjects" methodname="GenerateT1TwiceGivesUniqueObjects" classname="Reflection.Randomness.Generator_should" runstate="Runnable" seed="578208147" result="Passed" start-time="2020-06-22 06:23:33Z" end-time="2020-06-22 06:23:33Z" duration="0.002880" asserts="1" />
          <test-case id="1003" name="GenerateT2" fullname="Reflection.Randomness.Generator_should.GenerateT2" methodname="GenerateT2" classname="Reflection.Randomness.Generator_should" runstate="Runnable" seed="985619894" result="Passed" start-time="2020-06-22 06:23:33Z" end-time="2020-06-22 06:23:33Z" duration="0.002372" asserts="4" />
          <test-case id="1004" name="NotAllowForAfterFor" fullname="Reflection.Randomness.Generator_should.NotAllowForAfterFor" methodname="NotAllowForAfterFor" classname="Reflection.Randomness.Generator_should" runstate="Runnable" seed="383841031" result="Passed" start-time="2020-06-22 06:23:33Z" end-time="2020-06-22 06:23:33Z" duration="0.000874" asserts="1" />
          <test-case id="1005" name="ReplaceGeneratorFor1Field" fullname="Reflection.Randomness.Generator_should.ReplaceGeneratorFor1Field" methodname="ReplaceGeneratorFor1Field" classname="Reflection.Randomness.Generator_should" runstate="Runnable" seed="1900043216" result="Passed" start-time="2020-06-22 06:23:33Z" end-time="2020-06-22 06:23:33Z" duration="0.000441" asserts="2" />
          <test-case id="1006" name="ReplaceGeneratorFor2Fields" fullname="Reflection.Randomness.Generator_should.ReplaceGeneratorFor2Fields" methodname="ReplaceGeneratorFor2Fields" classname="Reflection.Randomness.Generator_should" runstate="Runnable" seed="661374639" result="Passed" start-time="2020-06-22 06:23:33Z" end-time="2020-06-22 06:23:33Z" duration="0.000380" asserts="2" />
          <test-case id="1007" name="SetGeneratorForFieldWithoutAttributes" fullname="Reflection.Randomness.Generator_should.SetGeneratorForFieldWithoutAttributes" methodname="SetGeneratorForFieldWithoutAttributes" classname="Reflection.Randomness.Generator_should" runstate="Runnable" seed="683022090" result="Passed" start-time="2020-06-22 06:23:33Z" end-time="2020-06-22 06:23:33Z" duration="0.000335" asserts="1" />
        </test-suite>
      </test-suite>
    </test-suite>
  </test-suite>
</test-run>