<?xml version="1.0" encoding="utf-8"?>
<test-run id="2" name="Delegates.PairsAnalysis.exe" fullname="C:/Users/Nik/Downloads/Delegates.PairsAnalysis.csproj/bin/Debug/Delegates.PairsAnalysis.exe" testcasecount="4" result="Passed" start-time="2020-06-05 15:05:54Z" end-time="2020-06-05 15:05:54Z" duration="0.055782" total="4" passed="4" failed="0" inconclusive="0" skipped="0" asserts="4" random-seed="1482429572">
  <command-line><![CDATA["C:\Users\Nik\Downloads\Delegates.PairsAnalysis.csproj\bin\Debug\Delegates.PairsAnalysis.exe"   ]]></command-line>
  <filter />
  <test-suite type="Assembly" id="1005" name="Delegates.PairsAnalysis.exe" fullname="C:/Users/Nik/Downloads/Delegates.PairsAnalysis.csproj/bin/Debug/Delegates.PairsAnalysis.exe" runstate="Runnable" testcasecount="4" result="Passed" start-time="2020-06-05 15:05:54Z" end-time="2020-06-05 15:05:54Z" duration="0.055782" total="4" passed="4" failed="0" warnings="0" inconclusive="0" skipped="0" asserts="4">
    <environment framework-version="3.6.0.0" clr-version="4.0.30319.42000" os-version="Microsoft Windows NT 6.2.9200.0" platform="Win32NT" cwd="C:\Users\Nik\Downloads\Delegates.PairsAnalysis.csproj\bin\Debug" machine-name="DESKTOP-D9LB59L" user="Nik" user-domain="DESKTOP-D9LB59L" culture="ru-RU" uiculture="ru-RU" os-architecture="x86" />
    <settings>
      <setting name="WorkDirectory" value="C:\Users\Nik\Downloads\Delegates.PairsAnalysis.csproj\bin\Debug" />
      <setting name="NumberOfTestWorkers" value="12" />
    </settings>
    <properties>
      <property name="_PID" value="17524" />
      <property name="_APPDOMAIN" value="Delegates.PairsAnalysis.exe" />
    </properties>
    <test-suite type="TestSuite" id="1006" name="Delegates" fullname="Delegates" runstate="Runnable" testcasecount="4" result="Passed" start-time="2020-06-05 15:05:54Z" end-time="2020-06-05 15:05:54Z" duration="0.046897" total="4" passed="4" failed="0" warnings="0" inconclusive="0" skipped="0" asserts="4">
      <test-suite type="TestSuite" id="1007" name="PairsAnalysis" fullname="Delegates.PairsAnalysis" runstate="Runnable" testcasecount="4" result="Passed" start-time="2020-06-05 15:05:54Z" end-time="2020-06-05 15:05:54Z" duration="0.043740" total="4" passed="4" failed="0" warnings="0" inconclusive="0" skipped="0" asserts="4">
        <test-suite type="TestFixture" id="1000" name="Analysis_should" fullname="Delegates.PairsAnalysis.Analysis_should" classname="Delegates.PairsAnalysis.Analysis_should" runstate="Runnable" testcasecount="4" result="Passed" start-time="2020-06-05 15:05:54Z" end-time="2020-06-05 15:05:54Z" duration="0.039869" total="4" passed="4" failed="0" warnings="0" inconclusive="0" skipped="0" asserts="4">
          <test-case id="1001" name="ProcessDatesCorrectly" fullname="Delegates.PairsAnalysis.Analysis_should.ProcessDatesCorrectly" methodname="ProcessDatesCorrectly" classname="Delegates.PairsAnalysis.Analysis_should" runstate="Runnable" seed="679320054" result="Passed" start-time="2020-06-05 15:05:54Z" end-time="2020-06-05 15:05:54Z" duration="0.009990" asserts="1" />
          <test-case id="1004" name="ProcessDoublesCorrectly" fullname="Delegates.PairsAnalysis.Analysis_should.ProcessDoublesCorrectly" methodname="ProcessDoublesCorrectly" classname="Delegates.PairsAnalysis.Analysis_should" runstate="Runnable" seed="969858466" result="Passed" start-time="2020-06-05 15:05:54Z" end-time="2020-06-05 15:05:54Z" duration="0.002338" asserts="1" />
          <test-case id="1002" name="ThrowsAtEmptyCollection" fullname="Delegates.PairsAnalysis.Analysis_should.ThrowsAtEmptyCollection" methodname="ThrowsAtEmptyCollection" classname="Delegates.PairsAnalysis.Analysis_should" runstate="Runnable" seed="1628660953" result="Passed" start-time="2020-06-05 15:05:54Z" end-time="2020-06-05 15:05:54Z" duration="0.008810" asserts="1" />
          <test-case id="1003" name="ThrowsAtOneElementCollection" fullname="Delegates.PairsAnalysis.Analysis_should.ThrowsAtOneElementCollection" methodname="ThrowsAtOneElementCollection" classname="Delegates.PairsAnalysis.Analysis_should" runstate="Runnable" seed="1087191574" result="Passed" start-time="2020-06-05 15:05:54Z" end-time="2020-06-05 15:05:54Z" duration="0.000297" asserts="1" />
        </test-suite>
      </test-suite>
    </test-suite>
  </test-suite>
</test-run>