<?xml version="1.0" encoding="utf-8"?>
<test-run id="2" name="Delegates.TreeTraversal.exe" fullname="C:/Users/Nik/Downloads/Delegates.TreeTraversal.csproj/bin/Debug/Delegates.TreeTraversal.exe" testcasecount="3" result="Passed" start-time="2020-06-03 19:19:29Z" end-time="2020-06-03 19:19:29Z" duration="0.043824" total="3" passed="3" failed="0" inconclusive="0" skipped="0" asserts="3" random-seed="882550481">
  <command-line><![CDATA["C:\Users\Nik\Downloads\Delegates.TreeTraversal.csproj\bin\Debug\Delegates.TreeTraversal.exe"   ]]></command-line>
  <filter />
  <test-suite type="Assembly" id="1004" name="Delegates.TreeTraversal.exe" fullname="C:/Users/Nik/Downloads/Delegates.TreeTraversal.csproj/bin/Debug/Delegates.TreeTraversal.exe" runstate="Runnable" testcasecount="3" result="Passed" start-time="2020-06-03 19:19:29Z" end-time="2020-06-03 19:19:29Z" duration="0.043824" total="3" passed="3" failed="0" warnings="0" inconclusive="0" skipped="0" asserts="3">
    <environment framework-version="3.6.0.0" clr-version="4.0.30319.42000" os-version="Microsoft Windows NT 6.2.9200.0" platform="Win32NT" cwd="C:\Users\Nik\Downloads\Delegates.TreeTraversal.csproj\bin\Debug" machine-name="DESKTOP-D9LB59L" user="Nik" user-domain="DESKTOP-D9LB59L" culture="ru-RU" uiculture="ru-RU" os-architecture="x86" />
    <settings>
      <setting name="WorkDirectory" value="C:\Users\Nik\Downloads\Delegates.TreeTraversal.csproj\bin\Debug" />
      <setting name="NumberOfTestWorkers" value="12" />
    </settings>
    <properties>
      <property name="_PID" value="18204" />
      <property name="_APPDOMAIN" value="Delegates.TreeTraversal.exe" />
    </properties>
    <test-suite type="TestSuite" id="1005" name="Delegates" fullname="Delegates" runstate="Runnable" testcasecount="3" result="Passed" start-time="2020-06-03 19:19:29Z" end-time="2020-06-03 19:19:29Z" duration="0.034921" total="3" passed="3" failed="0" warnings="0" inconclusive="0" skipped="0" asserts="3">
      <test-suite type="TestSuite" id="1006" name="TreeTraversal" fullname="Delegates.TreeTraversal" runstate="Runnable" testcasecount="3" result="Passed" start-time="2020-06-03 19:19:29Z" end-time="2020-06-03 19:19:29Z" duration="0.031376" total="3" passed="3" failed="0" warnings="0" inconclusive="0" skipped="0" asserts="3">
        <test-suite type="TestFixture" id="1000" name="Traversal_should" fullname="Delegates.TreeTraversal.Traversal_should" classname="Delegates.TreeTraversal.Traversal_should" runstate="Runnable" testcasecount="3" result="Passed" start-time="2020-06-03 19:19:29Z" end-time="2020-06-03 19:19:29Z" duration="0.027404" total="3" passed="3" failed="0" warnings="0" inconclusive="0" skipped="0" asserts="3">
          <test-case id="1001" name="GetBinaryTreeValues" fullname="Delegates.TreeTraversal.Traversal_should.GetBinaryTreeValues" methodname="GetBinaryTreeValues" classname="Delegates.TreeTraversal.Traversal_should" runstate="Runnable" seed="244456573" result="Passed" start-time="2020-06-03 19:19:29Z" end-time="2020-06-03 19:19:29Z" duration="0.011017" asserts="1" />
          <test-case id="1002" name="GetEndJobs" fullname="Delegates.TreeTraversal.Traversal_should.GetEndJobs" methodname="GetEndJobs" classname="Delegates.TreeTraversal.Traversal_should" runstate="Runnable" seed="1503043465" result="Passed" start-time="2020-06-03 19:19:29Z" end-time="2020-06-03 19:19:29Z" duration="0.000983" asserts="1" />
          <test-case id="1003" name="GetProducts" fullname="Delegates.TreeTraversal.Traversal_should.GetProducts" methodname="GetProducts" classname="Delegates.TreeTraversal.Traversal_should" runstate="Runnable" seed="1612799845" result="Passed" start-time="2020-06-03 19:19:29Z" end-time="2020-06-03 19:19:29Z" duration="0.000819" asserts="1" />
        </test-suite>
      </test-suite>
    </test-suite>
  </test-suite>
</test-run>