<?xml version="1.0" encoding="utf-8"?>
<test-run id="2" name="Inheritance.DataStructure.exe" fullname="C:/Users/Nik/Downloads/Inheritance/bin/Debug/Inheritance.DataStructure.exe" testcasecount="6" result="Passed" start-time="2020-05-23 12:54:28Z" end-time="2020-05-23 12:54:28Z" duration="0.054789" total="6" passed="6" failed="0" inconclusive="0" skipped="0" asserts="145" random-seed="699089482">
  <command-line><![CDATA["C:\Users\Nik\Downloads\Inheritance\bin\Debug\Inheritance.DataStructure.exe"   ]]></command-line>
  <filter />
  <test-suite type="Assembly" id="1007" name="Inheritance.DataStructure.exe" fullname="C:/Users/Nik/Downloads/Inheritance/bin/Debug/Inheritance.DataStructure.exe" runstate="Runnable" testcasecount="6" result="Passed" start-time="2020-05-23 12:54:28Z" end-time="2020-05-23 12:54:28Z" duration="0.054789" total="6" passed="6" failed="0" warnings="0" inconclusive="0" skipped="0" asserts="145">
    <environment framework-version="3.6.0.0" clr-version="4.0.30319.42000" os-version="Microsoft Windows NT 6.2.9200.0" platform="Win32NT" cwd="C:\Users\Nik\Downloads\Inheritance\bin\Debug" machine-name="DESKTOP-D9LB59L" user="Nik" user-domain="DESKTOP-D9LB59L" culture="ru-RU" uiculture="ru-RU" os-architecture="x86" />
    <settings>
      <setting name="WorkDirectory" value="C:\Users\Nik\Downloads\Inheritance\bin\Debug" />
      <setting name="NumberOfTestWorkers" value="12" />
    </settings>
    <properties>
      <property name="_PID" value="9604" />
      <property name="_APPDOMAIN" value="Inheritance.DataStructure.exe" />
    </properties>
    <test-suite type="TestSuite" id="1008" name="Inheritance" fullname="Inheritance" runstate="Runnable" testcasecount="6" result="Passed" start-time="2020-05-23 12:54:28Z" end-time="2020-05-23 12:54:28Z" duration="0.045873" total="6" passed="6" failed="0" warnings="0" inconclusive="0" skipped="0" asserts="145">
      <test-suite type="TestSuite" id="1009" name="DataStructure" fullname="Inheritance.DataStructure" runstate="Runnable" testcasecount="6" result="Passed" start-time="2020-05-23 12:54:28Z" end-time="2020-05-23 12:54:28Z" duration="0.042350" total="6" passed="6" failed="0" warnings="0" inconclusive="0" skipped="0" asserts="145">
        <test-suite type="TestFixture" id="1000" name="Category_should" fullname="Inheritance.DataStructure.Category_should" classname="Inheritance.DataStructure.Category_should" runstate="Runnable" testcasecount="6" result="Passed" start-time="2020-05-23 12:54:28Z" end-time="2020-05-23 12:54:28Z" duration="0.038420" total="6" passed="6" failed="0" warnings="0" inconclusive="0" skipped="0" asserts="145">
          <test-case id="1003" name="ImplementCompareToCorrectly" fullname="Inheritance.DataStructure.Category_should.ImplementCompareToCorrectly" methodname="ImplementCompareToCorrectly" classname="Inheritance.DataStructure.Category_should" runstate="Runnable" seed="1350628537" result="Passed" start-time="2020-05-23 12:54:28Z" end-time="2020-05-23 12:54:28Z" duration="0.008323" asserts="17" />
          <test-case id="1001" name="ImplementEqualsCorrectly" fullname="Inheritance.DataStructure.Category_should.ImplementEqualsCorrectly" methodname="ImplementEqualsCorrectly" classname="Inheritance.DataStructure.Category_should" runstate="Runnable" seed="1861238739" result="Passed" start-time="2020-05-23 12:54:28Z" end-time="2020-05-23 12:54:28Z" duration="0.001690" asserts="17" />
          <test-case id="1002" name="ImplementGetHashCodeCorrectly" fullname="Inheritance.DataStructure.Category_should.ImplementGetHashCodeCorrectly" methodname="ImplementGetHashCodeCorrectly" classname="Inheritance.DataStructure.Category_should" runstate="Runnable" seed="1724525218" result="Passed" start-time="2020-05-23 12:54:28Z" end-time="2020-05-23 12:54:28Z" duration="0.002686" asserts="13" />
          <test-case id="1005" name="ImplementIComparableInterface" fullname="Inheritance.DataStructure.Category_should.ImplementIComparableInterface" methodname="ImplementIComparableInterface" classname="Inheritance.DataStructure.Category_should" runstate="Runnable" seed="502582166" result="Passed" start-time="2020-05-23 12:54:28Z" end-time="2020-05-23 12:54:28Z" duration="0.000110" asserts="1" />
          <test-case id="1004" name="ImplementOperatorsCorrectly" fullname="Inheritance.DataStructure.Category_should.ImplementOperatorsCorrectly" methodname="ImplementOperatorsCorrectly" classname="Inheritance.DataStructure.Category_should" runstate="Runnable" seed="493241001" result="Passed" start-time="2020-05-23 12:54:28Z" end-time="2020-05-23 12:54:28Z" duration="0.000870" asserts="96" />
          <test-case id="1006" name="ImplementToStringCorrectly" fullname="Inheritance.DataStructure.Category_should.ImplementToStringCorrectly" methodname="ImplementToStringCorrectly" classname="Inheritance.DataStructure.Category_should" runstate="Runnable" seed="586063767" result="Passed" start-time="2020-05-23 12:54:28Z" end-time="2020-05-23 12:54:28Z" duration="0.000347" asserts="1" />
        </test-suite>
      </test-suite>
    </test-suite>
  </test-suite>
</test-run>