<?xml version="1.0" encoding="utf-8"?>
<test-run id="2" name="Incapsulation.RationalNumbers.exe" fullname="C:/Users/Nik/Downloads/Incapsulation.RationalNumbers.csproj/bin/Debug/Incapsulation.RationalNumbers.exe" testcasecount="47" result="Passed" start-time="2020-05-21 15:31:21Z" end-time="2020-05-21 15:31:21Z" duration="0.241336" total="47" passed="47" failed="0" inconclusive="0" skipped="0" asserts="85" random-seed="1302719904">
  <command-line><![CDATA["C:\Users\Nik\Downloads\Incapsulation.RationalNumbers.csproj\bin\Debug\Incapsulation.RationalNumbers.exe"   ]]></command-line>
  <filter />
  <test-suite type="Assembly" id="1052" name="Incapsulation.RationalNumbers.exe" fullname="C:/Users/Nik/Downloads/Incapsulation.RationalNumbers.csproj/bin/Debug/Incapsulation.RationalNumbers.exe" runstate="Runnable" testcasecount="47" result="Passed" start-time="2020-05-21 15:31:21Z" end-time="2020-05-21 15:31:21Z" duration="0.241336" total="47" passed="47" failed="0" warnings="0" inconclusive="0" skipped="0" asserts="85">
    <environment framework-version="3.6.0.0" clr-version="4.0.30319.42000" os-version="Microsoft Windows NT 6.2.9200.0" platform="Win32NT" cwd="C:\Users\Nik\Downloads\Incapsulation.RationalNumbers.csproj\bin\Debug" machine-name="DESKTOP-D9LB59L" user="Nik" user-domain="DESKTOP-D9LB59L" culture="ru-RU" uiculture="ru-RU" os-architecture="x86" />
    <settings>
      <setting name="WorkDirectory" value="C:\Users\Nik\Downloads\Incapsulation.RationalNumbers.csproj\bin\Debug" />
      <setting name="NumberOfTestWorkers" value="12" />
    </settings>
    <properties>
      <property name="_PID" value="10036" />
      <property name="_APPDOMAIN" value="Incapsulation.RationalNumbers.exe" />
    </properties>
    <test-suite type="TestSuite" id="1053" name="Incapsulation" fullname="Incapsulation" runstate="Runnable" testcasecount="47" result="Passed" start-time="2020-05-21 15:31:21Z" end-time="2020-05-21 15:31:21Z" duration="0.232402" total="47" passed="47" failed="0" warnings="0" inconclusive="0" skipped="0" asserts="85">
      <test-suite type="TestSuite" id="1054" name="RationalNumbers" fullname="Incapsulation.RationalNumbers" runstate="Runnable" testcasecount="47" result="Passed" start-time="2020-05-21 15:31:21Z" end-time="2020-05-21 15:31:21Z" duration="0.228433" total="47" passed="47" failed="0" warnings="0" inconclusive="0" skipped="0" asserts="85">
        <test-suite type="TestFixture" id="1000" name="Rational_should" fullname="Incapsulation.RationalNumbers.Rational_should" classname="Incapsulation.RationalNumbers.Rational_should" runstate="Runnable" testcasecount="47" result="Passed" start-time="2020-05-21 15:31:21Z" end-time="2020-05-21 15:31:21Z" duration="0.224421" total="47" passed="47" failed="0" warnings="0" inconclusive="0" skipped="0" asserts="85">
          <test-case id="1031" name="ConvertFromInt" fullname="Incapsulation.RationalNumbers.Rational_should.ConvertFromInt" methodname="ConvertFromInt" classname="Incapsulation.RationalNumbers.Rational_should" runstate="Runnable" seed="668788591" result="Passed" start-time="2020-05-21 15:31:21Z" end-time="2020-05-21 15:31:21Z" duration="0.008773" asserts="3" />
          <test-suite type="ParameterizedMethod" id="1030" name="ConvertToDouble" fullname="Incapsulation.RationalNumbers.Rational_should.ConvertToDouble" classname="Incapsulation.RationalNumbers.Rational_should" runstate="Runnable" testcasecount="6" result="Passed" start-time="2020-05-21 15:31:21Z" end-time="2020-05-21 15:31:21Z" duration="0.025484" total="6" passed="6" failed="0" warnings="0" inconclusive="0" skipped="0" asserts="6">
            <test-case id="1024" name="ConvertToDouble(1,2,0.5d)" fullname="Incapsulation.RationalNumbers.Rational_should.ConvertToDouble(1,2,0.5d)" methodname="ConvertToDouble" classname="Incapsulation.RationalNumbers.Rational_should" runstate="Runnable" seed="1481030219" result="Passed" start-time="2020-05-21 15:31:21Z" end-time="2020-05-21 15:31:21Z" duration="0.001483" asserts="1" />
            <test-case id="1025" name="ConvertToDouble(10,5,2.0d)" fullname="Incapsulation.RationalNumbers.Rational_should.ConvertToDouble(10,5,2.0d)" methodname="ConvertToDouble" classname="Incapsulation.RationalNumbers.Rational_should" runstate="Runnable" seed="991055952" result="Passed" start-time="2020-05-21 15:31:21Z" end-time="2020-05-21 15:31:21Z" duration="0.000035" asserts="1" />
            <test-case id="1026" name="ConvertToDouble(-1,5,-0.2d)" fullname="Incapsulation.RationalNumbers.Rational_should.ConvertToDouble(-1,5,-0.2d)" methodname="ConvertToDouble" classname="Incapsulation.RationalNumbers.Rational_should" runstate="Runnable" seed="1418004458" result="Passed" start-time="2020-05-21 15:31:21Z" end-time="2020-05-21 15:31:21Z" duration="0.000031" asserts="1" />
            <test-case id="1027" name="ConvertToDouble(10,0,double.NaN)" fullname="Incapsulation.RationalNumbers.Rational_should.ConvertToDouble(10,0,double.NaN)" methodname="ConvertToDouble" classname="Incapsulation.RationalNumbers.Rational_should" runstate="Runnable" seed="898733686" result="Passed" start-time="2020-05-21 15:31:21Z" end-time="2020-05-21 15:31:21Z" duration="0.000034" asserts="1" />
            <test-case id="1028" name="ConvertToDouble(-10,0,double.NaN)" fullname="Incapsulation.RationalNumbers.Rational_should.ConvertToDouble(-10,0,double.NaN)" methodname="ConvertToDouble" classname="Incapsulation.RationalNumbers.Rational_should" runstate="Runnable" seed="1082241959" result="Passed" start-time="2020-05-21 15:31:21Z" end-time="2020-05-21 15:31:21Z" duration="0.000031" asserts="1" />
            <test-case id="1029" name="ConvertToDouble(0,0,double.NaN)" fullname="Incapsulation.RationalNumbers.Rational_should.ConvertToDouble(0,0,double.NaN)" methodname="ConvertToDouble" classname="Incapsulation.RationalNumbers.Rational_should" runstate="Runnable" seed="1980302459" result="Passed" start-time="2020-05-21 15:31:21Z" end-time="2020-05-21 15:31:21Z" duration="0.000032" asserts="1" />
          </test-suite>
          <test-case id="1021" name="Divide" fullname="Incapsulation.RationalNumbers.Rational_should.Divide" methodname="Divide" classname="Incapsulation.RationalNumbers.Rational_should" runstate="Runnable" seed="1948970502" result="Passed" start-time="2020-05-21 15:31:21Z" end-time="2020-05-21 15:31:21Z" duration="0.000224" asserts="3" />
          <test-case id="1023" name="DivideToZero" fullname="Incapsulation.RationalNumbers.Rational_should.DivideToZero" methodname="DivideToZero" classname="Incapsulation.RationalNumbers.Rational_should" runstate="Runnable" seed="699877343" result="Passed" start-time="2020-05-21 15:31:21Z" end-time="2020-05-21 15:31:21Z" duration="0.000503" asserts="1" />
          <test-case id="1022" name="DivideWithNan" fullname="Incapsulation.RationalNumbers.Rational_should.DivideWithNan" methodname="DivideWithNan" classname="Incapsulation.RationalNumbers.Rational_should" runstate="Runnable" seed="1254409051" result="Passed" start-time="2020-05-21 15:31:21Z" end-time="2020-05-21 15:31:21Z" duration="0.000148" asserts="2" />
          <test-suite type="ParameterizedMethod" id="1044" name="ExplicitlyConvertToInt" fullname="Incapsulation.RationalNumbers.Rational_should.ExplicitlyConvertToInt" classname="Incapsulation.RationalNumbers.Rational_should" runstate="Runnable" testcasecount="12" result="Passed" start-time="2020-05-21 15:31:21Z" end-time="2020-05-21 15:31:21Z" duration="0.047879" total="12" passed="12" failed="0" warnings="0" inconclusive="0" skipped="0" asserts="12">
            <test-case id="1032" name="ExplicitlyConvertToInt(0,1,0)" fullname="Incapsulation.RationalNumbers.Rational_should.ExplicitlyConvertToInt(0,1,0)" methodname="ExplicitlyConvertToInt" classname="Incapsulation.RationalNumbers.Rational_should" runstate="Runnable" seed="1098947629" result="Passed" start-time="2020-05-21 15:31:21Z" end-time="2020-05-21 15:31:21Z" duration="0.000200" asserts="1" />
            <test-case id="1033" name="ExplicitlyConvertToInt(1,1,1)" fullname="Incapsulation.RationalNumbers.Rational_should.ExplicitlyConvertToInt(1,1,1)" methodname="ExplicitlyConvertToInt" classname="Incapsulation.RationalNumbers.Rational_should" runstate="Runnable" seed="1616981403" result="Passed" start-time="2020-05-21 15:31:21Z" end-time="2020-05-21 15:31:21Z" duration="0.000045" asserts="1" />
            <test-case id="1034" name="ExplicitlyConvertToInt(2,1,2)" fullname="Incapsulation.RationalNumbers.Rational_should.ExplicitlyConvertToInt(2,1,2)" methodname="ExplicitlyConvertToInt" classname="Incapsulation.RationalNumbers.Rational_should" runstate="Runnable" seed="514710019" result="Passed" start-time="2020-05-21 15:31:21Z" end-time="2020-05-21 15:31:21Z" duration="0.000050" asserts="1" />
            <test-case id="1035" name="ExplicitlyConvertToInt(3,1,3)" fullname="Incapsulation.RationalNumbers.Rational_should.ExplicitlyConvertToInt(3,1,3)" methodname="ExplicitlyConvertToInt" classname="Incapsulation.RationalNumbers.Rational_should" runstate="Runnable" seed="541223849" result="Passed" start-time="2020-05-21 15:31:21Z" end-time="2020-05-21 15:31:21Z" duration="0.000046" asserts="1" />
            <test-case id="1036" name="ExplicitlyConvertToInt(2,2,1)" fullname="Incapsulation.RationalNumbers.Rational_should.ExplicitlyConvertToInt(2,2,1)" methodname="ExplicitlyConvertToInt" classname="Incapsulation.RationalNumbers.Rational_should" runstate="Runnable" seed="2143217555" result="Passed" start-time="2020-05-21 15:31:21Z" end-time="2020-05-21 15:31:21Z" duration="0.000041" asserts="1" />
            <test-case id="1037" name="ExplicitlyConvertToInt(6,3,2)" fullname="Incapsulation.RationalNumbers.Rational_should.ExplicitlyConvertToInt(6,3,2)" methodname="ExplicitlyConvertToInt" classname="Incapsulation.RationalNumbers.Rational_should" runstate="Runnable" seed="68526978" result="Passed" start-time="2020-05-21 15:31:21Z" end-time="2020-05-21 15:31:21Z" duration="0.000044" asserts="1" />
            <test-case id="1038" name="ExplicitlyConvertToInt(12,2,6)" fullname="Incapsulation.RationalNumbers.Rational_should.ExplicitlyConvertToInt(12,2,6)" methodname="ExplicitlyConvertToInt" classname="Incapsulation.RationalNumbers.Rational_should" runstate="Runnable" seed="412163498" result="Passed" start-time="2020-05-21 15:31:21Z" end-time="2020-05-21 15:31:21Z" duration="0.000041" asserts="1" />
            <test-case id="1039" name="ExplicitlyConvertToInt(12,3,4)" fullname="Incapsulation.RationalNumbers.Rational_should.ExplicitlyConvertToInt(12,3,4)" methodname="ExplicitlyConvertToInt" classname="Incapsulation.RationalNumbers.Rational_should" runstate="Runnable" seed="1791348002" result="Passed" start-time="2020-05-21 15:31:21Z" end-time="2020-05-21 15:31:21Z" duration="0.000052" asserts="1" />
            <test-case id="1040" name="ExplicitlyConvertToInt(12,4,3)" fullname="Incapsulation.RationalNumbers.Rational_should.ExplicitlyConvertToInt(12,4,3)" methodname="ExplicitlyConvertToInt" classname="Incapsulation.RationalNumbers.Rational_should" runstate="Runnable" seed="1476708665" result="Passed" start-time="2020-05-21 15:31:21Z" end-time="2020-05-21 15:31:21Z" duration="0.000041" asserts="1" />
            <test-case id="1041" name="ExplicitlyConvertToInt(12,6,2)" fullname="Incapsulation.RationalNumbers.Rational_should.ExplicitlyConvertToInt(12,6,2)" methodname="ExplicitlyConvertToInt" classname="Incapsulation.RationalNumbers.Rational_should" runstate="Runnable" seed="68997387" result="Passed" start-time="2020-05-21 15:31:21Z" end-time="2020-05-21 15:31:21Z" duration="0.000051" asserts="1" />
            <test-case id="1042" name="ExplicitlyConvertToInt(12,12,1)" fullname="Incapsulation.RationalNumbers.Rational_should.ExplicitlyConvertToInt(12,12,1)" methodname="ExplicitlyConvertToInt" classname="Incapsulation.RationalNumbers.Rational_should" runstate="Runnable" seed="1993307719" result="Passed" start-time="2020-05-21 15:31:21Z" end-time="2020-05-21 15:31:21Z" duration="0.000043" asserts="1" />
            <test-case id="1043" name="ExplicitlyConvertToInt(1000,1,1000)" fullname="Incapsulation.RationalNumbers.Rational_should.ExplicitlyConvertToInt(1000,1,1000)" methodname="ExplicitlyConvertToInt" classname="Incapsulation.RationalNumbers.Rational_should" runstate="Runnable" seed="2115807927" result="Passed" start-time="2020-05-21 15:31:21Z" end-time="2020-05-21 15:31:21Z" duration="0.000046" asserts="1" />
          </test-suite>
          <test-suite type="ParameterizedMethod" id="1051" name="ExplicitlyConvertToIntAndFailsIfNonCorvertable" fullname="Incapsulation.RationalNumbers.Rational_should.ExplicitlyConvertToIntAndFailsIfNonCorvertable" classname="Incapsulation.RationalNumbers.Rational_should" runstate="Runnable" testcasecount="6" result="Passed" start-time="2020-05-21 15:31:21Z" end-time="2020-05-21 15:31:21Z" duration="0.031944" total="6" passed="6" failed="0" warnings="0" inconclusive="0" skipped="0" asserts="6">
            <test-case id="1045" name="ExplicitlyConvertToIntAndFailsIfNonCorvertable(1,2)" fullname="Incapsulation.RationalNumbers.Rational_should.ExplicitlyConvertToIntAndFailsIfNonCorvertable(1,2)" methodname="ExplicitlyConvertToIntAndFailsIfNonCorvertable" classname="Incapsulation.RationalNumbers.Rational_should" runstate="Runnable" seed="1016248845" result="Passed" start-time="2020-05-21 15:31:21Z" end-time="2020-05-21 15:31:21Z" duration="0.008724" asserts="1" />
            <test-case id="1046" name="ExplicitlyConvertToIntAndFailsIfNonCorvertable(12,5)" fullname="Incapsulation.RationalNumbers.Rational_should.ExplicitlyConvertToIntAndFailsIfNonCorvertable(12,5)" methodname="ExplicitlyConvertToIntAndFailsIfNonCorvertable" classname="Incapsulation.RationalNumbers.Rational_should" runstate="Runnable" seed="1135756407" result="Passed" start-time="2020-05-21 15:31:21Z" end-time="2020-05-21 15:31:21Z" duration="0.000128" asserts="1" />
            <test-case id="1047" name="ExplicitlyConvertToIntAndFailsIfNonCorvertable(12,10)" fullname="Incapsulation.RationalNumbers.Rational_should.ExplicitlyConvertToIntAndFailsIfNonCorvertable(12,10)" methodname="ExplicitlyConvertToIntAndFailsIfNonCorvertable" classname="Incapsulation.RationalNumbers.Rational_should" runstate="Runnable" seed="1212510554" result="Passed" start-time="2020-05-21 15:31:21Z" end-time="2020-05-21 15:31:21Z" duration="0.000100" asserts="1" />
            <test-case id="1048" name="ExplicitlyConvertToIntAndFailsIfNonCorvertable(25,8)" fullname="Incapsulation.RationalNumbers.Rational_should.ExplicitlyConvertToIntAndFailsIfNonCorvertable(25,8)" methodname="ExplicitlyConvertToIntAndFailsIfNonCorvertable" classname="Incapsulation.RationalNumbers.Rational_should" runstate="Runnable" seed="746540406" result="Passed" start-time="2020-05-21 15:31:21Z" end-time="2020-05-21 15:31:21Z" duration="0.000081" asserts="1" />
            <test-case id="1049" name="ExplicitlyConvertToIntAndFailsIfNonCorvertable(2,3)" fullname="Incapsulation.RationalNumbers.Rational_should.ExplicitlyConvertToIntAndFailsIfNonCorvertable(2,3)" methodname="ExplicitlyConvertToIntAndFailsIfNonCorvertable" classname="Incapsulation.RationalNumbers.Rational_should" runstate="Runnable" seed="2033738545" result="Passed" start-time="2020-05-21 15:31:21Z" end-time="2020-05-21 15:31:21Z" duration="0.000069" asserts="1" />
            <test-case id="1050" name="ExplicitlyConvertToIntAndFailsIfNonCorvertable(2,4)" fullname="Incapsulation.RationalNumbers.Rational_should.ExplicitlyConvertToIntAndFailsIfNonCorvertable(2,4)" methodname="ExplicitlyConvertToIntAndFailsIfNonCorvertable" classname="Incapsulation.RationalNumbers.Rational_should" runstate="Runnable" seed="1253057518" result="Passed" start-time="2020-05-21 15:31:21Z" end-time="2020-05-21 15:31:21Z" duration="0.000076" asserts="1" />
          </test-suite>
          <test-suite type="ParameterizedMethod" id="1014" name="InitializeAndReduce1" fullname="Incapsulation.RationalNumbers.Rational_should.InitializeAndReduce1" classname="Incapsulation.RationalNumbers.Rational_should" runstate="Runnable" testcasecount="10" result="Passed" start-time="2020-05-21 15:31:21Z" end-time="2020-05-21 15:31:21Z" duration="0.039882" total="10" passed="10" failed="0" warnings="0" inconclusive="0" skipped="0" asserts="30">
            <test-case id="1004" name="InitializeAndReduce1(1,2,2,4)" fullname="Incapsulation.RationalNumbers.Rational_should.InitializeAndReduce1(1,2,2,4)" methodname="InitializeAndReduce1" classname="Incapsulation.RationalNumbers.Rational_should" runstate="Runnable" seed="1161102268" result="Passed" start-time="2020-05-21 15:31:21Z" end-time="2020-05-21 15:31:21Z" duration="0.000128" asserts="3" />
            <test-case id="1005" name="InitializeAndReduce1(-1,2,-2,4)" fullname="Incapsulation.RationalNumbers.Rational_should.InitializeAndReduce1(-1,2,-2,4)" methodname="InitializeAndReduce1" classname="Incapsulation.RationalNumbers.Rational_should" runstate="Runnable" seed="2088918648" result="Passed" start-time="2020-05-21 15:31:21Z" end-time="2020-05-21 15:31:21Z" duration="0.000044" asserts="3" />
            <test-case id="1006" name="InitializeAndReduce1(-1,2,2,-4)" fullname="Incapsulation.RationalNumbers.Rational_should.InitializeAndReduce1(-1,2,2,-4)" methodname="InitializeAndReduce1" classname="Incapsulation.RationalNumbers.Rational_should" runstate="Runnable" seed="103370750" result="Passed" start-time="2020-05-21 15:31:21Z" end-time="2020-05-21 15:31:21Z" duration="0.000039" asserts="3" />
            <test-case id="1007" name="InitializeAndReduce1(1,2,-2,-4)" fullname="Incapsulation.RationalNumbers.Rational_should.InitializeAndReduce1(1,2,-2,-4)" methodname="InitializeAndReduce1" classname="Incapsulation.RationalNumbers.Rational_should" runstate="Runnable" seed="1039760852" result="Passed" start-time="2020-05-21 15:31:21Z" end-time="2020-05-21 15:31:21Z" duration="0.000048" asserts="3" />
            <test-case id="1008" name="InitializeAndReduce1(1,2,1,2)" fullname="Incapsulation.RationalNumbers.Rational_should.InitializeAndReduce1(1,2,1,2)" methodname="InitializeAndReduce1" classname="Incapsulation.RationalNumbers.Rational_should" runstate="Runnable" seed="1914328757" result="Passed" start-time="2020-05-21 15:31:21Z" end-time="2020-05-21 15:31:21Z" duration="0.000036" asserts="3" />
            <test-case id="1009" name="InitializeAndReduce1(1,2,8,16)" fullname="Incapsulation.RationalNumbers.Rational_should.InitializeAndReduce1(1,2,8,16)" methodname="InitializeAndReduce1" classname="Incapsulation.RationalNumbers.Rational_should" runstate="Runnable" seed="852510746" result="Passed" start-time="2020-05-21 15:31:21Z" end-time="2020-05-21 15:31:21Z" duration="0.000055" asserts="3" />
            <test-case id="1010" name="InitializeAndReduce1(2,3,10,15)" fullname="Incapsulation.RationalNumbers.Rational_should.InitializeAndReduce1(2,3,10,15)" methodname="InitializeAndReduce1" classname="Incapsulation.RationalNumbers.Rational_should" runstate="Runnable" seed="1770956410" result="Passed" start-time="2020-05-21 15:31:21Z" end-time="2020-05-21 15:31:21Z" duration="0.000081" asserts="3" />
            <test-case id="1011" name="InitializeAndReduce1(4,7,16,28)" fullname="Incapsulation.RationalNumbers.Rational_should.InitializeAndReduce1(4,7,16,28)" methodname="InitializeAndReduce1" classname="Incapsulation.RationalNumbers.Rational_should" runstate="Runnable" seed="1131041613" result="Passed" start-time="2020-05-21 15:31:21Z" end-time="2020-05-21 15:31:21Z" duration="0.000054" asserts="3" />
            <test-case id="1012" name="InitializeAndReduce1(3,256,12,1024)" fullname="Incapsulation.RationalNumbers.Rational_should.InitializeAndReduce1(3,256,12,1024)" methodname="InitializeAndReduce1" classname="Incapsulation.RationalNumbers.Rational_should" runstate="Runnable" seed="2054466698" result="Passed" start-time="2020-05-21 15:31:21Z" end-time="2020-05-21 15:31:21Z" duration="0.000051" asserts="3" />
            <test-case id="1013" name="InitializeAndReduce1(1,1,1,1)" fullname="Incapsulation.RationalNumbers.Rational_should.InitializeAndReduce1(1,1,1,1)" methodname="InitializeAndReduce1" classname="Incapsulation.RationalNumbers.Rational_should" runstate="Runnable" seed="1709204066" result="Passed" start-time="2020-05-21 15:31:21Z" end-time="2020-05-21 15:31:21Z" duration="0.000101" asserts="3" />
          </test-suite>
          <test-case id="1001" name="InitializeSimpleRatioCorrectly" fullname="Incapsulation.RationalNumbers.Rational_should.InitializeSimpleRatioCorrectly" methodname="InitializeSimpleRatioCorrectly" classname="Incapsulation.RationalNumbers.Rational_should" runstate="Runnable" seed="849485863" result="Passed" start-time="2020-05-21 15:31:21Z" end-time="2020-05-21 15:31:21Z" duration="0.000178" asserts="3" />
          <test-case id="1003" name="InitializeWithZeroDenomerator" fullname="Incapsulation.RationalNumbers.Rational_should.InitializeWithZeroDenomerator" methodname="InitializeWithZeroDenomerator" classname="Incapsulation.RationalNumbers.Rational_should" runstate="Runnable" seed="2135598413" result="Passed" start-time="2020-05-21 15:31:21Z" end-time="2020-05-21 15:31:21Z" duration="0.000085" asserts="1" />
          <test-case id="1002" name="InitializeWitoutDenomerator" fullname="Incapsulation.RationalNumbers.Rational_should.InitializeWitoutDenomerator" methodname="InitializeWitoutDenomerator" classname="Incapsulation.RationalNumbers.Rational_should" runstate="Runnable" seed="267846552" result="Passed" start-time="2020-05-21 15:31:21Z" end-time="2020-05-21 15:31:21Z" duration="0.000086" asserts="3" />
          <test-case id="1019" name="Multiply" fullname="Incapsulation.RationalNumbers.Rational_should.Multiply" methodname="Multiply" classname="Incapsulation.RationalNumbers.Rational_should" runstate="Runnable" seed="641844460" result="Passed" start-time="2020-05-21 15:31:21Z" end-time="2020-05-21 15:31:21Z" duration="0.000222" asserts="3" />
          <test-case id="1020" name="MultiplyWithNan" fullname="Incapsulation.RationalNumbers.Rational_should.MultiplyWithNan" methodname="MultiplyWithNan" classname="Incapsulation.RationalNumbers.Rational_should" runstate="Runnable" seed="2020811909" result="Passed" start-time="2020-05-21 15:31:21Z" end-time="2020-05-21 15:31:21Z" duration="0.000115" asserts="2" />
          <test-case id="1017" name="Subtract" fullname="Incapsulation.RationalNumbers.Rational_should.Subtract" methodname="Subtract" classname="Incapsulation.RationalNumbers.Rational_should" runstate="Runnable" seed="370453627" result="Passed" start-time="2020-05-21 15:31:21Z" end-time="2020-05-21 15:31:21Z" duration="0.000181" asserts="3" />
          <test-case id="1018" name="SubtractWithNan" fullname="Incapsulation.RationalNumbers.Rational_should.SubtractWithNan" methodname="SubtractWithNan" classname="Incapsulation.RationalNumbers.Rational_should" runstate="Runnable" seed="164843126" result="Passed" start-time="2020-05-21 15:31:21Z" end-time="2020-05-21 15:31:21Z" duration="0.000107" asserts="2" />
          <test-case id="1015" name="Sum" fullname="Incapsulation.RationalNumbers.Rational_should.Sum" methodname="Sum" classname="Incapsulation.RationalNumbers.Rational_should" runstate="Runnable" seed="1188246393" result="Passed" start-time="2020-05-21 15:31:21Z" end-time="2020-05-21 15:31:21Z" duration="0.000181" asserts="3" />
          <test-case id="1016" name="SumWithNan" fullname="Incapsulation.RationalNumbers.Rational_should.SumWithNan" methodname="SumWithNan" classname="Incapsulation.RationalNumbers.Rational_should" runstate="Runnable" seed="1655002209" result="Passed" start-time="2020-05-21 15:31:21Z" end-time="2020-05-21 15:31:21Z" duration="0.000108" asserts="2" />
        </test-suite>
      </test-suite>
    </test-suite>
  </test-suite>
</test-run>