<?xml version="1.0" encoding="utf-8"?>
<test-run id="2" name="Generics.Table.exe" fullname="C:/Users/Nik/Downloads/Generics.Tables.csproj/bin/Debug/Generics.Table.exe" testcasecount="13" result="Passed" start-time="2020-05-30 12:49:27Z" end-time="2020-05-30 12:49:27Z" duration="0.103697" total="13" passed="13" failed="0" inconclusive="0" skipped="0" asserts="23" random-seed="1084956684">
  <command-line><![CDATA["C:\Users\Nik\Downloads\Generics.Tables.csproj\bin\Debug\Generics.Table.exe"   ]]></command-line>
  <filter />
  <test-suite type="Assembly" id="1016" name="Generics.Table.exe" fullname="C:/Users/Nik/Downloads/Generics.Tables.csproj/bin/Debug/Generics.Table.exe" runstate="Runnable" testcasecount="13" result="Passed" start-time="2020-05-30 12:49:27Z" end-time="2020-05-30 12:49:27Z" duration="0.103697" total="13" passed="13" failed="0" warnings="0" inconclusive="0" skipped="0" asserts="23">
    <environment framework-version="3.6.0.0" clr-version="4.0.30319.42000" os-version="Microsoft Windows NT 6.2.9200.0" platform="Win32NT" cwd="C:\Users\Nik\Downloads\Generics.Tables.csproj\bin\Debug" machine-name="DESKTOP-D9LB59L" user="Nik" user-domain="DESKTOP-D9LB59L" culture="ru-RU" uiculture="ru-RU" os-architecture="x86" />
    <settings>
      <setting name="WorkDirectory" value="C:\Users\Nik\Downloads\Generics.Tables.csproj\bin\Debug" />
      <setting name="NumberOfTestWorkers" value="12" />
    </settings>
    <properties>
      <property name="_PID" value="20732" />
      <property name="_APPDOMAIN" value="Generics.Table.exe" />
    </properties>
    <test-suite type="TestSuite" id="1017" name="Generics" fullname="Generics" runstate="Runnable" testcasecount="13" result="Passed" start-time="2020-05-30 12:49:27Z" end-time="2020-05-30 12:49:27Z" duration="0.094775" total="13" passed="13" failed="0" warnings="0" inconclusive="0" skipped="0" asserts="23">
      <test-suite type="TestSuite" id="1018" name="Tables" fullname="Generics.Tables" runstate="Runnable" testcasecount="13" result="Passed" start-time="2020-05-30 12:49:27Z" end-time="2020-05-30 12:49:27Z" duration="0.090784" total="13" passed="13" failed="0" warnings="0" inconclusive="0" skipped="0" asserts="23">
        <test-suite type="TestFixture" id="1013" name="BothIndices_should" fullname="Generics.Tables.BothIndices_should" classname="Generics.Tables.BothIndices_should" runstate="Runnable" testcasecount="2" result="Passed" start-time="2020-05-30 12:49:27Z" end-time="2020-05-30 12:49:27Z" duration="0.022484" total="2" passed="2" failed="0" warnings="0" inconclusive="0" skipped="0" asserts="2">
          <test-case id="1014" name="WorkTogether1" fullname="Generics.Tables.BothIndices_should.WorkTogether1" methodname="WorkTogether1" classname="Generics.Tables.BothIndices_should" runstate="Runnable" seed="767377057" result="Passed" start-time="2020-05-30 12:49:27Z" end-time="2020-05-30 12:49:27Z" duration="0.011241" asserts="1" />
          <test-case id="1015" name="WorkTogether2" fullname="Generics.Tables.BothIndices_should.WorkTogether2" methodname="WorkTogether2" classname="Generics.Tables.BothIndices_should" runstate="Runnable" seed="1917735169" result="Passed" start-time="2020-05-30 12:49:27Z" end-time="2020-05-30 12:49:27Z" duration="0.000177" asserts="1" />
        </test-suite>
        <test-suite type="TestFixture" id="1006" name="ExistedIndex_should" fullname="Generics.Tables.ExistedIndex_should" classname="Generics.Tables.ExistedIndex_should" runstate="Runnable" testcasecount="6" result="Passed" start-time="2020-05-30 12:49:27Z" end-time="2020-05-30 12:49:27Z" duration="0.033930" total="6" passed="6" failed="0" warnings="0" inconclusive="0" skipped="0" asserts="6">
          <test-case id="1008" name="FailIfGettingFromNonExistingColumn" fullname="Generics.Tables.ExistedIndex_should.FailIfGettingFromNonExistingColumn" methodname="FailIfGettingFromNonExistingColumn" classname="Generics.Tables.ExistedIndex_should" runstate="Runnable" seed="652083128" result="Passed" start-time="2020-05-30 12:49:27Z" end-time="2020-05-30 12:49:27Z" duration="0.010149" asserts="1" />
          <test-case id="1007" name="FailIfGettingFromNonExistingRow" fullname="Generics.Tables.ExistedIndex_should.FailIfGettingFromNonExistingRow" methodname="FailIfGettingFromNonExistingRow" classname="Generics.Tables.ExistedIndex_should" runstate="Runnable" seed="623360067" result="Passed" start-time="2020-05-30 12:49:27Z" end-time="2020-05-30 12:49:27Z" duration="0.000368" asserts="1" />
          <test-case id="1010" name="FailIfSettingToNonExistingColumn" fullname="Generics.Tables.ExistedIndex_should.FailIfSettingToNonExistingColumn" methodname="FailIfSettingToNonExistingColumn" classname="Generics.Tables.ExistedIndex_should" runstate="Runnable" seed="298102350" result="Passed" start-time="2020-05-30 12:49:27Z" end-time="2020-05-30 12:49:27Z" duration="0.000320" asserts="1" />
          <test-case id="1009" name="FailIfSettingToNonExistingRow" fullname="Generics.Tables.ExistedIndex_should.FailIfSettingToNonExistingRow" methodname="FailIfSettingToNonExistingRow" classname="Generics.Tables.ExistedIndex_should" runstate="Runnable" seed="834008583" result="Passed" start-time="2020-05-30 12:49:27Z" end-time="2020-05-30 12:49:27Z" duration="0.000404" asserts="1" />
          <test-case id="1012" name="GetDefaultIfNoValueSet" fullname="Generics.Tables.ExistedIndex_should.GetDefaultIfNoValueSet" methodname="GetDefaultIfNoValueSet" classname="Generics.Tables.ExistedIndex_should" runstate="Runnable" seed="68714066" result="Passed" start-time="2020-05-30 12:49:27Z" end-time="2020-05-30 12:49:27Z" duration="0.000236" asserts="1" />
          <test-case id="1011" name="SetToExistedRowAndColumn" fullname="Generics.Tables.ExistedIndex_should.SetToExistedRowAndColumn" methodname="SetToExistedRowAndColumn" classname="Generics.Tables.ExistedIndex_should" runstate="Runnable" seed="82713181" result="Passed" start-time="2020-05-30 12:49:27Z" end-time="2020-05-30 12:49:27Z" duration="0.000226" asserts="1" />
        </test-suite>
        <test-suite type="TestFixture" id="1000" name="OpenIndex_should" fullname="Generics.Tables.OpenIndex_should" classname="Generics.Tables.OpenIndex_should" runstate="Runnable" testcasecount="5" result="Passed" start-time="2020-05-30 12:49:27Z" end-time="2020-05-30 12:49:27Z" duration="0.022940" total="5" passed="5" failed="0" warnings="0" inconclusive="0" skipped="0" asserts="15">
          <test-case id="1001" name="AddColumnsAndRows" fullname="Generics.Tables.OpenIndex_should.AddColumnsAndRows" methodname="AddColumnsAndRows" classname="Generics.Tables.OpenIndex_should" runstate="Runnable" seed="223463133" result="Passed" start-time="2020-05-30 12:49:27Z" end-time="2020-05-30 12:49:27Z" duration="0.002169" asserts="3" />
          <test-case id="1002" name="DontAddExistedColumnsAndRows1" fullname="Generics.Tables.OpenIndex_should.DontAddExistedColumnsAndRows1" methodname="DontAddExistedColumnsAndRows1" classname="Generics.Tables.OpenIndex_should" runstate="Runnable" seed="1053569701" result="Passed" start-time="2020-05-30 12:49:27Z" end-time="2020-05-30 12:49:27Z" duration="0.001536" asserts="3" />
          <test-case id="1003" name="DontAddExistedColumnsAndRows2" fullname="Generics.Tables.OpenIndex_should.DontAddExistedColumnsAndRows2" methodname="DontAddExistedColumnsAndRows2" classname="Generics.Tables.OpenIndex_should" runstate="Runnable" seed="869071995" result="Passed" start-time="2020-05-30 12:49:27Z" end-time="2020-05-30 12:49:27Z" duration="0.000353" asserts="3" />
          <test-case id="1004" name="ReturnDefaultIfNoValueSet1" fullname="Generics.Tables.OpenIndex_should.ReturnDefaultIfNoValueSet1" methodname="ReturnDefaultIfNoValueSet1" classname="Generics.Tables.OpenIndex_should" runstate="Runnable" seed="1382013649" result="Passed" start-time="2020-05-30 12:49:27Z" end-time="2020-05-30 12:49:27Z" duration="0.000221" asserts="3" />
          <test-case id="1005" name="ReturnDefaultIfNoValueSet2" fullname="Generics.Tables.OpenIndex_should.ReturnDefaultIfNoValueSet2" methodname="ReturnDefaultIfNoValueSet2" classname="Generics.Tables.OpenIndex_should" runstate="Runnable" seed="312135625" result="Passed" start-time="2020-05-30 12:49:27Z" end-time="2020-05-30 12:49:27Z" duration="0.000296" asserts="3" />
        </test-suite>
      </test-suite>
    </test-suite>
  </test-suite>
</test-run>