<?xml version="1.0" encoding="utf-8"?>
<test-run id="2" name="Reflection.Differentiation.exe" fullname="C:/Users/Nik/Downloads/Reflection.Differentiation.csproj/bin/Debug/Reflection.Differentiation.exe" testcasecount="10" result="Passed" start-time="2020-06-14 15:40:54Z" end-time="2020-06-14 15:40:55Z" duration="0.070784" total="10" passed="10" failed="0" inconclusive="0" skipped="0" asserts="510" random-seed="725628428">
  <command-line><![CDATA["C:\Users\Nik\Downloads\Reflection.Differentiation.csproj\bin\Debug\Reflection.Differentiation.exe"   ]]></command-line>
  <filter />
  <test-suite type="Assembly" id="1011" name="Reflection.Differentiation.exe" fullname="C:/Users/Nik/Downloads/Reflection.Differentiation.csproj/bin/Debug/Reflection.Differentiation.exe" runstate="Runnable" testcasecount="10" result="Passed" start-time="2020-06-14 15:40:54Z" end-time="2020-06-14 15:40:55Z" duration="0.070784" total="10" passed="10" failed="0" warnings="0" inconclusive="0" skipped="0" asserts="510">
    <environment framework-version="3.6.0.0" clr-version="4.0.30319.42000" os-version="Microsoft Windows NT 6.2.9200.0" platform="Win32NT" cwd="C:\Users\Nik\Downloads\Reflection.Differentiation.csproj\bin\Debug" machine-name="DESKTOP-D9LB59L" user="Nik" user-domain="DESKTOP-D9LB59L" culture="ru-RU" uiculture="ru-RU" os-architecture="x86" />
    <settings>
      <setting name="WorkDirectory" value="C:\Users\Nik\Downloads\Reflection.Differentiation.csproj\bin\Debug" />
      <setting name="NumberOfTestWorkers" value="12" />
    </settings>
    <properties>
      <property name="_PID" value="12724" />
      <property name="_APPDOMAIN" value="Reflection.Differentiation.exe" />
    </properties>
    <test-suite type="TestSuite" id="1012" name="Reflection" fullname="Reflection" runstate="Runnable" testcasecount="10" result="Passed" start-time="2020-06-14 15:40:54Z" end-time="2020-06-14 15:40:55Z" duration="0.061991" total="10" passed="10" failed="0" warnings="0" inconclusive="0" skipped="0" asserts="510">
      <test-suite type="TestSuite" id="1013" name="Differentiation" fullname="Reflection.Differentiation" runstate="Runnable" testcasecount="10" result="Passed" start-time="2020-06-14 15:40:54Z" end-time="2020-06-14 15:40:55Z" duration="0.058431" total="10" passed="10" failed="0" warnings="0" inconclusive="0" skipped="0" asserts="510">
        <test-suite type="TestFixture" id="1000" name="Derivative_shouldBeCorrectFor" fullname="Reflection.Differentiation.Derivative_shouldBeCorrectFor" classname="Reflection.Differentiation.Derivative_shouldBeCorrectFor" runstate="Runnable" testcasecount="10" result="Passed" start-time="2020-06-14 15:40:54Z" end-time="2020-06-14 15:40:55Z" duration="0.054419" total="10" passed="10" failed="0" warnings="0" inconclusive="0" skipped="0" asserts="510">
          <test-case id="1001" name="Constant" fullname="Reflection.Differentiation.Derivative_shouldBeCorrectFor.Constant" methodname="Constant" classname="Reflection.Differentiation.Derivative_shouldBeCorrectFor" runstate="Runnable" seed="1753394850" result="Passed" start-time="2020-06-14 15:40:55Z" end-time="2020-06-14 15:40:55Z" duration="0.010431" asserts="51" />
          <test-case id="1009" name="Cos1" fullname="Reflection.Differentiation.Derivative_shouldBeCorrectFor.Cos1" methodname="Cos1" classname="Reflection.Differentiation.Derivative_shouldBeCorrectFor" runstate="Runnable" seed="1020428568" result="Passed" start-time="2020-06-14 15:40:55Z" end-time="2020-06-14 15:40:55Z" duration="0.001039" asserts="51" />
          <test-case id="1010" name="Cos2" fullname="Reflection.Differentiation.Derivative_shouldBeCorrectFor.Cos2" methodname="Cos2" classname="Reflection.Differentiation.Derivative_shouldBeCorrectFor" runstate="Runnable" seed="2073051612" result="Passed" start-time="2020-06-14 15:40:55Z" end-time="2020-06-14 15:40:55Z" duration="0.000571" asserts="51" />
          <test-case id="1002" name="Parameter" fullname="Reflection.Differentiation.Derivative_shouldBeCorrectFor.Parameter" methodname="Parameter" classname="Reflection.Differentiation.Derivative_shouldBeCorrectFor" runstate="Runnable" seed="1621924134" result="Passed" start-time="2020-06-14 15:40:55Z" end-time="2020-06-14 15:40:55Z" duration="0.000264" asserts="51" />
          <test-case id="1003" name="Product1" fullname="Reflection.Differentiation.Derivative_shouldBeCorrectFor.Product1" methodname="Product1" classname="Reflection.Differentiation.Derivative_shouldBeCorrectFor" runstate="Runnable" seed="833292148" result="Passed" start-time="2020-06-14 15:40:55Z" end-time="2020-06-14 15:40:55Z" duration="0.000309" asserts="51" />
          <test-case id="1004" name="Product2" fullname="Reflection.Differentiation.Derivative_shouldBeCorrectFor.Product2" methodname="Product2" classname="Reflection.Differentiation.Derivative_shouldBeCorrectFor" runstate="Runnable" seed="746811914" result="Passed" start-time="2020-06-14 15:40:55Z" end-time="2020-06-14 15:40:55Z" duration="0.000325" asserts="51" />
          <test-case id="1007" name="Sin1" fullname="Reflection.Differentiation.Derivative_shouldBeCorrectFor.Sin1" methodname="Sin1" classname="Reflection.Differentiation.Derivative_shouldBeCorrectFor" runstate="Runnable" seed="146613706" result="Passed" start-time="2020-06-14 15:40:55Z" end-time="2020-06-14 15:40:55Z" duration="0.000498" asserts="51" />
          <test-case id="1008" name="Sin2" fullname="Reflection.Differentiation.Derivative_shouldBeCorrectFor.Sin2" methodname="Sin2" classname="Reflection.Differentiation.Derivative_shouldBeCorrectFor" runstate="Runnable" seed="1228319726" result="Passed" start-time="2020-06-14 15:40:55Z" end-time="2020-06-14 15:40:55Z" duration="0.000555" asserts="51" />
          <test-case id="1005" name="Sum1" fullname="Reflection.Differentiation.Derivative_shouldBeCorrectFor.Sum1" methodname="Sum1" classname="Reflection.Differentiation.Derivative_shouldBeCorrectFor" runstate="Runnable" seed="749778283" result="Passed" start-time="2020-06-14 15:40:55Z" end-time="2020-06-14 15:40:55Z" duration="0.000273" asserts="51" />
          <test-case id="1006" name="Sum2" fullname="Reflection.Differentiation.Derivative_shouldBeCorrectFor.Sum2" methodname="Sum2" classname="Reflection.Differentiation.Derivative_shouldBeCorrectFor" runstate="Runnable" seed="417165682" result="Passed" start-time="2020-06-14 15:40:55Z" end-time="2020-06-14 15:40:55Z" duration="0.000343" asserts="51" />
        </test-suite>
      </test-suite>
    </test-suite>
  </test-suite>
</test-run>