<?xml version="1.0" encoding="utf-8"?>
<test-run id="2" name="Incapsulation.Weights.exe" fullname="C:/Users/Nik/Downloads/Incapsulation.Weights.csproj/bin/Debug/Incapsulation.Weights.exe" testcasecount="27" result="Passed" start-time="2020-05-21 09:02:22Z" end-time="2020-05-21 09:02:22Z" duration="0.169475" total="27" passed="27" failed="0" inconclusive="0" skipped="0" asserts="18" random-seed="1923290179">
  <command-line><![CDATA["C:\Users\Nik\Downloads\Incapsulation.Weights.csproj\bin\Debug\Incapsulation.Weights.exe"   ]]></command-line>
  <filter />
  <test-suite type="Assembly" id="1034" name="Incapsulation.Weights.exe" fullname="C:/Users/Nik/Downloads/Incapsulation.Weights.csproj/bin/Debug/Incapsulation.Weights.exe" runstate="Runnable" testcasecount="27" result="Passed" start-time="2020-05-21 09:02:22Z" end-time="2020-05-21 09:02:22Z" duration="0.169475" total="27" passed="27" failed="0" warnings="0" inconclusive="0" skipped="0" asserts="18">
    <environment framework-version="3.6.0.0" clr-version="4.0.30319.42000" os-version="Microsoft Windows NT 6.2.9200.0" platform="Win32NT" cwd="C:\Users\Nik\Downloads\Incapsulation.Weights.csproj\bin\Debug" machine-name="DESKTOP-D9LB59L" user="Nik" user-domain="DESKTOP-D9LB59L" culture="ru-RU" uiculture="ru-RU" os-architecture="x86" />
    <settings>
      <setting name="WorkDirectory" value="C:\Users\Nik\Downloads\Incapsulation.Weights.csproj\bin\Debug" />
      <setting name="NumberOfTestWorkers" value="12" />
    </settings>
    <properties>
      <property name="_PID" value="28512" />
      <property name="_APPDOMAIN" value="Incapsulation.Weights.exe" />
    </properties>
    <test-suite type="TestSuite" id="1035" name="Incapsulation" fullname="Incapsulation" runstate="Runnable" testcasecount="27" result="Passed" start-time="2020-05-21 09:02:22Z" end-time="2020-05-21 09:02:22Z" duration="0.160612" total="27" passed="27" failed="0" warnings="0" inconclusive="0" skipped="0" asserts="18">
      <test-suite type="TestSuite" id="1036" name="Weights" fullname="Incapsulation.Weights" runstate="Runnable" testcasecount="27" result="Passed" start-time="2020-05-21 09:02:22Z" end-time="2020-05-21 09:02:22Z" duration="0.156611" total="27" passed="27" failed="0" warnings="0" inconclusive="0" skipped="0" asserts="18">
        <test-suite type="TestFixture" id="1000" name="Indexer_should" fullname="Incapsulation.Weights.Indexer_should" classname="Incapsulation.Weights.Indexer_should" runstate="Runnable" testcasecount="27" result="Passed" start-time="2020-05-21 09:02:22Z" end-time="2020-05-21 09:02:22Z" duration="0.152626" total="27" passed="27" failed="0" warnings="0" inconclusive="0" skipped="0" asserts="18">
          <test-suite type="ParameterizedMethod" id="1027" name="ConstructoNotFail_WhenRangeIsValid" fullname="Incapsulation.Weights.Indexer_should.ConstructoNotFail_WhenRangeIsValid" classname="Incapsulation.Weights.Indexer_should" runstate="Runnable" testcasecount="9" result="Passed" start-time="2020-05-21 09:02:22Z" end-time="2020-05-21 09:02:22Z" duration="0.040472" total="9" passed="9" failed="0" warnings="0" inconclusive="0" skipped="0" asserts="0">
            <test-case id="1018" name="ConstructoNotFail_WhenRangeIsValid(0,0)" fullname="Incapsulation.Weights.Indexer_should.ConstructoNotFail_WhenRangeIsValid(0,0)" methodname="ConstructoNotFail_WhenRangeIsValid" classname="Incapsulation.Weights.Indexer_should" runstate="Runnable" seed="736884892" result="Passed" start-time="2020-05-21 09:02:22Z" end-time="2020-05-21 09:02:22Z" duration="0.002940" asserts="0" />
            <test-case id="1019" name="ConstructoNotFail_WhenRangeIsValid(0,1)" fullname="Incapsulation.Weights.Indexer_should.ConstructoNotFail_WhenRangeIsValid(0,1)" methodname="ConstructoNotFail_WhenRangeIsValid" classname="Incapsulation.Weights.Indexer_should" runstate="Runnable" seed="1016994561" result="Passed" start-time="2020-05-21 09:02:22Z" end-time="2020-05-21 09:02:22Z" duration="0.000056" asserts="0" />
            <test-case id="1020" name="ConstructoNotFail_WhenRangeIsValid(0,4)" fullname="Incapsulation.Weights.Indexer_should.ConstructoNotFail_WhenRangeIsValid(0,4)" methodname="ConstructoNotFail_WhenRangeIsValid" classname="Incapsulation.Weights.Indexer_should" runstate="Runnable" seed="435790952" result="Passed" start-time="2020-05-21 09:02:22Z" end-time="2020-05-21 09:02:22Z" duration="0.000034" asserts="0" />
            <test-case id="1021" name="ConstructoNotFail_WhenRangeIsValid(1,0)" fullname="Incapsulation.Weights.Indexer_should.ConstructoNotFail_WhenRangeIsValid(1,0)" methodname="ConstructoNotFail_WhenRangeIsValid" classname="Incapsulation.Weights.Indexer_should" runstate="Runnable" seed="886119083" result="Passed" start-time="2020-05-21 09:02:22Z" end-time="2020-05-21 09:02:22Z" duration="0.000034" asserts="0" />
            <test-case id="1022" name="ConstructoNotFail_WhenRangeIsValid(1,1)" fullname="Incapsulation.Weights.Indexer_should.ConstructoNotFail_WhenRangeIsValid(1,1)" methodname="ConstructoNotFail_WhenRangeIsValid" classname="Incapsulation.Weights.Indexer_should" runstate="Runnable" seed="1565047786" result="Passed" start-time="2020-05-21 09:02:22Z" end-time="2020-05-21 09:02:22Z" duration="0.000035" asserts="0" />
            <test-case id="1023" name="ConstructoNotFail_WhenRangeIsValid(1,3)" fullname="Incapsulation.Weights.Indexer_should.ConstructoNotFail_WhenRangeIsValid(1,3)" methodname="ConstructoNotFail_WhenRangeIsValid" classname="Incapsulation.Weights.Indexer_should" runstate="Runnable" seed="1641691651" result="Passed" start-time="2020-05-21 09:02:22Z" end-time="2020-05-21 09:02:22Z" duration="0.000037" asserts="0" />
            <test-case id="1024" name="ConstructoNotFail_WhenRangeIsValid(3,0)" fullname="Incapsulation.Weights.Indexer_should.ConstructoNotFail_WhenRangeIsValid(3,0)" methodname="ConstructoNotFail_WhenRangeIsValid" classname="Incapsulation.Weights.Indexer_should" runstate="Runnable" seed="317166299" result="Passed" start-time="2020-05-21 09:02:22Z" end-time="2020-05-21 09:02:22Z" duration="0.000051" asserts="0" />
            <test-case id="1025" name="ConstructoNotFail_WhenRangeIsValid(3,1)" fullname="Incapsulation.Weights.Indexer_should.ConstructoNotFail_WhenRangeIsValid(3,1)" methodname="ConstructoNotFail_WhenRangeIsValid" classname="Incapsulation.Weights.Indexer_should" runstate="Runnable" seed="2104004847" result="Passed" start-time="2020-05-21 09:02:22Z" end-time="2020-05-21 09:02:22Z" duration="0.000033" asserts="0" />
            <test-case id="1026" name="ConstructoNotFail_WhenRangeIsValid(4,0)" fullname="Incapsulation.Weights.Indexer_should.ConstructoNotFail_WhenRangeIsValid(4,0)" methodname="ConstructoNotFail_WhenRangeIsValid" classname="Incapsulation.Weights.Indexer_should" runstate="Runnable" seed="664040239" result="Passed" start-time="2020-05-21 09:02:22Z" end-time="2020-05-21 09:02:22Z" duration="0.000035" asserts="0" />
          </test-suite>
          <test-suite type="ParameterizedMethod" id="1017" name="ConstructorFails_WhenRangeIsInvalid" fullname="Incapsulation.Weights.Indexer_should.ConstructorFails_WhenRangeIsInvalid" classname="Incapsulation.Weights.Indexer_should" runstate="Runnable" testcasecount="8" result="Passed" start-time="2020-05-21 09:02:22Z" end-time="2020-05-21 09:02:22Z" duration="0.040901" total="8" passed="8" failed="0" warnings="0" inconclusive="0" skipped="0" asserts="8">
            <test-case id="1009" name="ConstructorFails_WhenRangeIsInvalid(-1,3)" fullname="Incapsulation.Weights.Indexer_should.ConstructorFails_WhenRangeIsInvalid(-1,3)" methodname="ConstructorFails_WhenRangeIsInvalid" classname="Incapsulation.Weights.Indexer_should" runstate="Runnable" seed="1691762663" result="Passed" start-time="2020-05-21 09:02:22Z" end-time="2020-05-21 09:02:22Z" duration="0.009594" asserts="1" />
            <test-case id="1010" name="ConstructorFails_WhenRangeIsInvalid(1,-1)" fullname="Incapsulation.Weights.Indexer_should.ConstructorFails_WhenRangeIsInvalid(1,-1)" methodname="ConstructorFails_WhenRangeIsInvalid" classname="Incapsulation.Weights.Indexer_should" runstate="Runnable" seed="2113284641" result="Passed" start-time="2020-05-21 09:02:22Z" end-time="2020-05-21 09:02:22Z" duration="0.000121" asserts="1" />
            <test-case id="1011" name="ConstructorFails_WhenRangeIsInvalid(1,10)" fullname="Incapsulation.Weights.Indexer_should.ConstructorFails_WhenRangeIsInvalid(1,10)" methodname="ConstructorFails_WhenRangeIsInvalid" classname="Incapsulation.Weights.Indexer_should" runstate="Runnable" seed="1711941958" result="Passed" start-time="2020-05-21 09:02:22Z" end-time="2020-05-21 09:02:22Z" duration="0.000070" asserts="1" />
            <test-case id="1012" name="ConstructorFails_WhenRangeIsInvalid(0,5)" fullname="Incapsulation.Weights.Indexer_should.ConstructorFails_WhenRangeIsInvalid(0,5)" methodname="ConstructorFails_WhenRangeIsInvalid" classname="Incapsulation.Weights.Indexer_should" runstate="Runnable" seed="1806335169" result="Passed" start-time="2020-05-21 09:02:22Z" end-time="2020-05-21 09:02:22Z" duration="0.000071" asserts="1" />
            <test-case id="1013" name="ConstructorFails_WhenRangeIsInvalid(1,4)" fullname="Incapsulation.Weights.Indexer_should.ConstructorFails_WhenRangeIsInvalid(1,4)" methodname="ConstructorFails_WhenRangeIsInvalid" classname="Incapsulation.Weights.Indexer_should" runstate="Runnable" seed="1788443236" result="Passed" start-time="2020-05-21 09:02:22Z" end-time="2020-05-21 09:02:22Z" duration="0.000067" asserts="1" />
            <test-case id="1014" name="ConstructorFails_WhenRangeIsInvalid(2,3)" fullname="Incapsulation.Weights.Indexer_should.ConstructorFails_WhenRangeIsInvalid(2,3)" methodname="ConstructorFails_WhenRangeIsInvalid" classname="Incapsulation.Weights.Indexer_should" runstate="Runnable" seed="1327691155" result="Passed" start-time="2020-05-21 09:02:22Z" end-time="2020-05-21 09:02:22Z" duration="0.000070" asserts="1" />
            <test-case id="1015" name="ConstructorFails_WhenRangeIsInvalid(3,2)" fullname="Incapsulation.Weights.Indexer_should.ConstructorFails_WhenRangeIsInvalid(3,2)" methodname="ConstructorFails_WhenRangeIsInvalid" classname="Incapsulation.Weights.Indexer_should" runstate="Runnable" seed="1474414788" result="Passed" start-time="2020-05-21 09:02:22Z" end-time="2020-05-21 09:02:22Z" duration="0.000085" asserts="1" />
            <test-case id="1016" name="ConstructorFails_WhenRangeIsInvalid(4,1)" fullname="Incapsulation.Weights.Indexer_should.ConstructorFails_WhenRangeIsInvalid(4,1)" methodname="ConstructorFails_WhenRangeIsInvalid" classname="Incapsulation.Weights.Indexer_should" runstate="Runnable" seed="1496242786" result="Passed" start-time="2020-05-21 09:02:22Z" end-time="2020-05-21 09:02:22Z" duration="0.000065" asserts="1" />
          </test-suite>
          <test-suite type="ParameterizedMethod" id="1004" name="GetCorrectly" fullname="Incapsulation.Weights.Indexer_should.GetCorrectly" classname="Incapsulation.Weights.Indexer_should" runstate="Runnable" testcasecount="2" result="Passed" start-time="2020-05-21 09:02:22Z" end-time="2020-05-21 09:02:22Z" duration="0.013977" total="2" passed="2" failed="0" warnings="0" inconclusive="0" skipped="0" asserts="2">
            <test-case id="1002" name="GetCorrectly(0,2)" fullname="Incapsulation.Weights.Indexer_should.GetCorrectly(0,2)" methodname="GetCorrectly" classname="Incapsulation.Weights.Indexer_should" runstate="Runnable" seed="2071811496" result="Passed" start-time="2020-05-21 09:02:22Z" end-time="2020-05-21 09:02:22Z" duration="0.006031" asserts="1" />
            <test-case id="1003" name="GetCorrectly(1,3)" fullname="Incapsulation.Weights.Indexer_should.GetCorrectly(1,3)" methodname="GetCorrectly" classname="Incapsulation.Weights.Indexer_should" runstate="Runnable" seed="911537269" result="Passed" start-time="2020-05-21 09:02:22Z" end-time="2020-05-21 09:02:22Z" duration="0.000044" asserts="1" />
          </test-suite>
          <test-case id="1001" name="HaveCorrectLength" fullname="Incapsulation.Weights.Indexer_should.HaveCorrectLength" methodname="HaveCorrectLength" classname="Incapsulation.Weights.Indexer_should" runstate="Runnable" seed="367828998" result="Passed" start-time="2020-05-21 09:02:22Z" end-time="2020-05-21 09:02:22Z" duration="0.000317" asserts="1" />
          <test-case id="1008" name="IndexerDoesNotCopyArray" fullname="Incapsulation.Weights.Indexer_should.IndexerDoesNotCopyArray" methodname="IndexerDoesNotCopyArray" classname="Incapsulation.Weights.Indexer_should" runstate="Runnable" seed="1617075950" result="Passed" start-time="2020-05-21 09:02:22Z" end-time="2020-05-21 09:02:22Z" duration="0.000235" asserts="1" />
          <test-suite type="ParameterizedMethod" id="1030" name="IndexerGetter_Fails_WhenIndexIsWrong" fullname="Incapsulation.Weights.Indexer_should.IndexerGetter_Fails_WhenIndexIsWrong" classname="Incapsulation.Weights.Indexer_should" runstate="Runnable" testcasecount="2" result="Passed" start-time="2020-05-21 09:02:22Z" end-time="2020-05-21 09:02:22Z" duration="0.007967" total="2" passed="2" failed="0" warnings="0" inconclusive="0" skipped="0" asserts="2">
            <test-case id="1028" name="IndexerGetter_Fails_WhenIndexIsWrong(-1)" fullname="Incapsulation.Weights.Indexer_should.IndexerGetter_Fails_WhenIndexIsWrong(-1)" methodname="IndexerGetter_Fails_WhenIndexIsWrong" classname="Incapsulation.Weights.Indexer_should" runstate="Runnable" seed="2001676088" result="Passed" start-time="2020-05-21 09:02:22Z" end-time="2020-05-21 09:02:22Z" duration="0.000291" asserts="1" />
            <test-case id="1029" name="IndexerGetter_Fails_WhenIndexIsWrong(2)" fullname="Incapsulation.Weights.Indexer_should.IndexerGetter_Fails_WhenIndexIsWrong(2)" methodname="IndexerGetter_Fails_WhenIndexIsWrong" classname="Incapsulation.Weights.Indexer_should" runstate="Runnable" seed="1660222989" result="Passed" start-time="2020-05-21 09:02:22Z" end-time="2020-05-21 09:02:22Z" duration="0.000060" asserts="1" />
          </test-suite>
          <test-suite type="ParameterizedMethod" id="1033" name="IndexerSetter_Fails_WhenIndexIsWrong" fullname="Incapsulation.Weights.Indexer_should.IndexerSetter_Fails_WhenIndexIsWrong" classname="Incapsulation.Weights.Indexer_should" runstate="Runnable" testcasecount="2" result="Passed" start-time="2020-05-21 09:02:22Z" end-time="2020-05-21 09:02:22Z" duration="0.007984" total="2" passed="2" failed="0" warnings="0" inconclusive="0" skipped="0" asserts="2">
            <test-case id="1031" name="IndexerSetter_Fails_WhenIndexIsWrong(-1)" fullname="Incapsulation.Weights.Indexer_should.IndexerSetter_Fails_WhenIndexIsWrong(-1)" methodname="IndexerSetter_Fails_WhenIndexIsWrong" classname="Incapsulation.Weights.Indexer_should" runstate="Runnable" seed="1069702298" result="Passed" start-time="2020-05-21 09:02:22Z" end-time="2020-05-21 09:02:22Z" duration="0.000289" asserts="1" />
            <test-case id="1032" name="IndexerSetter_Fails_WhenIndexIsWrong(2)" fullname="Incapsulation.Weights.Indexer_should.IndexerSetter_Fails_WhenIndexIsWrong(2)" methodname="IndexerSetter_Fails_WhenIndexIsWrong" classname="Incapsulation.Weights.Indexer_should" runstate="Runnable" seed="654335299" result="Passed" start-time="2020-05-21 09:02:22Z" end-time="2020-05-21 09:02:22Z" duration="0.000060" asserts="1" />
          </test-suite>
          <test-suite type="ParameterizedMethod" id="1007" name="SetCorrectly" fullname="Incapsulation.Weights.Indexer_should.SetCorrectly" classname="Incapsulation.Weights.Indexer_should" runstate="Runnable" testcasecount="2" result="Passed" start-time="2020-05-21 09:02:22Z" end-time="2020-05-21 09:02:22Z" duration="0.007982" total="2" passed="2" failed="0" warnings="0" inconclusive="0" skipped="0" asserts="2">
            <test-case id="1005" name="SetCorrectly(0)" fullname="Incapsulation.Weights.Indexer_should.SetCorrectly(0)" methodname="SetCorrectly" classname="Incapsulation.Weights.Indexer_should" runstate="Runnable" seed="1896615173" result="Passed" start-time="2020-05-21 09:02:22Z" end-time="2020-05-21 09:02:22Z" duration="0.000122" asserts="1" />
            <test-case id="1006" name="SetCorrectly(1)" fullname="Incapsulation.Weights.Indexer_should.SetCorrectly(1)" methodname="SetCorrectly" classname="Incapsulation.Weights.Indexer_should" runstate="Runnable" seed="2111813947" result="Passed" start-time="2020-05-21 09:02:22Z" end-time="2020-05-21 09:02:22Z" duration="0.000032" asserts="1" />
          </test-suite>
        </test-suite>
      </test-suite>
    </test-suite>
  </test-suite>
</test-run>