<?xml version="1.0" encoding="utf-8"?>
<test-run id="2" name="Delegates.Observers.exe" fullname="C:/Users/Nik/Downloads/Delegates.Observers.csproj/bin/Debug/Delegates.Observers.exe" testcasecount="2" result="Passed" start-time="2020-06-01 20:08:18Z" end-time="2020-06-01 20:08:18Z" duration="0.035847" total="2" passed="2" failed="0" inconclusive="0" skipped="0" asserts="2" random-seed="1281955050">
  <command-line><![CDATA["C:\Users\Nik\Downloads\Delegates.Observers.csproj\bin\Debug\Delegates.Observers.exe"   ]]></command-line>
  <filter />
  <test-suite type="Assembly" id="1003" name="Delegates.Observers.exe" fullname="C:/Users/Nik/Downloads/Delegates.Observers.csproj/bin/Debug/Delegates.Observers.exe" runstate="Runnable" testcasecount="2" result="Passed" start-time="2020-06-01 20:08:18Z" end-time="2020-06-01 20:08:18Z" duration="0.035847" total="2" passed="2" failed="0" warnings="0" inconclusive="0" skipped="0" asserts="2">
    <environment framework-version="3.6.0.0" clr-version="4.0.30319.42000" os-version="Microsoft Windows NT 6.2.9200.0" platform="Win32NT" cwd="C:\Users\Nik\Downloads\Delegates.Observers.csproj\bin\Debug" machine-name="DESKTOP-D9LB59L" user="Nik" user-domain="DESKTOP-D9LB59L" culture="ru-RU" uiculture="ru-RU" os-architecture="x86" />
    <settings>
      <setting name="WorkDirectory" value="C:\Users\Nik\Downloads\Delegates.Observers.csproj\bin\Debug" />
      <setting name="NumberOfTestWorkers" value="12" />
    </settings>
    <properties>
      <property name="_PID" value="23536" />
      <property name="_APPDOMAIN" value="Delegates.Observers.exe" />
    </properties>
    <test-suite type="TestSuite" id="1004" name="Delegates" fullname="Delegates" runstate="Runnable" testcasecount="2" result="Passed" start-time="2020-06-01 20:08:18Z" end-time="2020-06-01 20:08:18Z" duration="0.026930" total="2" passed="2" failed="0" warnings="0" inconclusive="0" skipped="0" asserts="2">
      <test-suite type="TestSuite" id="1005" name="Observers" fullname="Delegates.Observers" runstate="Runnable" testcasecount="2" result="Passed" start-time="2020-06-01 20:08:18Z" end-time="2020-06-01 20:08:18Z" duration="0.023410" total="2" passed="2" failed="0" warnings="0" inconclusive="0" skipped="0" asserts="2">
        <test-suite type="TestFixture" id="1000" name="ObservableStack_Tests" fullname="Delegates.Observers.ObservableStack_Tests" classname="Delegates.Observers.ObservableStack_Tests" runstate="Runnable" testcasecount="2" result="Passed" start-time="2020-06-01 20:08:18Z" end-time="2020-06-01 20:08:18Z" duration="0.019446" total="2" passed="2" failed="0" warnings="0" inconclusive="0" skipped="0" asserts="2">
          <test-case id="1001" name="Log_ShouldBeEmpty_AfterCreation" fullname="Delegates.Observers.ObservableStack_Tests.Log_ShouldBeEmpty_AfterCreation" methodname="Log_ShouldBeEmpty_AfterCreation" classname="Delegates.Observers.ObservableStack_Tests" runstate="Runnable" seed="693218137" result="Passed" start-time="2020-06-01 20:08:18Z" end-time="2020-06-01 20:08:18Z" duration="0.007560" asserts="1" />
          <test-case id="1002" name="Log_ShouldContainAllOperations" fullname="Delegates.Observers.ObservableStack_Tests.Log_ShouldContainAllOperations" methodname="Log_ShouldContainAllOperations" classname="Delegates.Observers.ObservableStack_Tests" runstate="Runnable" seed="630557493" result="Passed" start-time="2020-06-01 20:08:18Z" end-time="2020-06-01 20:08:18Z" duration="0.000969" asserts="1" />
        </test-suite>
      </test-suite>
    </test-suite>
  </test-suite>
</test-run>