<?xml version="1.0" encoding="utf-8"?>
<test-run id="2" name="Memory.API.exe" fullname="C:/Users/Nik/Downloads/Memory.API.csproj/bin/Debug/Memory.API.exe" testcasecount="5" result="Passed" start-time="2020-06-18 05:19:52Z" end-time="2020-06-18 05:19:54Z" duration="2.052715" total="5" passed="5" failed="0" inconclusive="0" skipped="0" asserts="9" random-seed="516566520">
  <command-line><![CDATA["C:\Users\Nik\Downloads\Memory.API.csproj\bin\Debug\Memory.API.exe"   ]]></command-line>
  <filter />
  <test-suite type="Assembly" id="1006" name="Memory.API.exe" fullname="C:/Users/Nik/Downloads/Memory.API.csproj/bin/Debug/Memory.API.exe" runstate="Runnable" testcasecount="5" result="Passed" start-time="2020-06-18 05:19:52Z" end-time="2020-06-18 05:19:54Z" duration="2.052715" total="5" passed="5" failed="0" warnings="0" inconclusive="0" skipped="0" asserts="9">
    <environment framework-version="3.6.0.0" clr-version="4.0.30319.42000" os-version="Microsoft Windows NT 6.2.9200.0" platform="Win32NT" cwd="C:\Users\Nik\Downloads\Memory.API.csproj\bin\Debug" machine-name="DESKTOP-D9LB59L" user="Nik" user-domain="DESKTOP-D9LB59L" culture="ru-RU" uiculture="ru-RU" os-architecture="x86" />
    <settings>
      <setting name="WorkDirectory" value="C:\Users\Nik\Downloads\Memory.API.csproj\bin\Debug" />
      <setting name="NumberOfTestWorkers" value="12" />
    </settings>
    <properties>
      <property name="_PID" value="9668" />
      <property name="_APPDOMAIN" value="Memory.API.exe" />
    </properties>
    <test-suite type="TestSuite" id="1007" name="Memory" fullname="Memory" runstate="Runnable" testcasecount="5" result="Passed" start-time="2020-06-18 05:19:52Z" end-time="2020-06-18 05:19:54Z" duration="2.043776" total="5" passed="5" failed="0" warnings="0" inconclusive="0" skipped="0" asserts="9">
      <test-suite type="TestSuite" id="1008" name="API" fullname="Memory.API" runstate="Runnable" testcasecount="5" result="Passed" start-time="2020-06-18 05:19:52Z" end-time="2020-06-18 05:19:54Z" duration="2.040239" total="5" passed="5" failed="0" warnings="0" inconclusive="0" skipped="0" asserts="9">
        <test-suite type="TestFixture" id="1000" name="APIObject_should" fullname="Memory.API.APIObject_should" classname="Memory.API.APIObject_should" runstate="Runnable" testcasecount="5" result="Passed" start-time="2020-06-18 05:19:52Z" end-time="2020-06-18 05:19:54Z" duration="2.036391" total="5" passed="5" failed="0" warnings="0" inconclusive="0" skipped="0" asserts="9">
          <test-case id="1005" name="DisposeDontCrashFinalizer" fullname="Memory.API.APIObject_should.DisposeDontCrashFinalizer" methodname="DisposeDontCrashFinalizer" classname="Memory.API.APIObject_should" runstate="Runnable" seed="259859581" result="Passed" start-time="2020-06-18 05:19:52Z" end-time="2020-06-18 05:19:53Z" duration="1.005973" asserts="2" />
          <test-case id="1003" name="DontFailWhenTwoDisposeAreCalled" fullname="Memory.API.APIObject_should.DontFailWhenTwoDisposeAreCalled" methodname="DontFailWhenTwoDisposeAreCalled" classname="Memory.API.APIObject_should" runstate="Runnable" seed="1276187977" result="Passed" start-time="2020-06-18 05:19:53Z" end-time="2020-06-18 05:19:53Z" duration="0.000569" asserts="2" />
          <test-case id="1002" name="FreeResourcesInUsing" fullname="Memory.API.APIObject_should.FreeResourcesInUsing" methodname="FreeResourcesInUsing" classname="Memory.API.APIObject_should" runstate="Runnable" seed="298952287" result="Passed" start-time="2020-06-18 05:19:53Z" end-time="2020-06-18 05:19:53Z" duration="0.000160" asserts="2" />
          <test-case id="1001" name="FreeResourcesWhenDisposeCalled" fullname="Memory.API.APIObject_should.FreeResourcesWhenDisposeCalled" methodname="FreeResourcesWhenDisposeCalled" classname="Memory.API.APIObject_should" runstate="Runnable" seed="1373384736" result="Passed" start-time="2020-06-18 05:19:53Z" end-time="2020-06-18 05:19:53Z" duration="0.000122" asserts="2" />
          <test-case id="1004" name="HaveFinalizer" fullname="Memory.API.APIObject_should.HaveFinalizer" methodname="HaveFinalizer" classname="Memory.API.APIObject_should" runstate="Runnable" seed="130352092" result="Passed" start-time="2020-06-18 05:19:53Z" end-time="2020-06-18 05:19:54Z" duration="1.000988" asserts="1" />
        </test-suite>
      </test-suite>
    </test-suite>
  </test-suite>
</test-run>